This is LuaHBTeX, Version 1.12.0 (TeX Live 2020)  (format=lualatex 2021.2.28)  1 MAR 2021 02:17
 restricted system commands enabled.
**PA1_template.tex
(./PA1_template.tex
LaTeX2e <2020-10-01> patch level 4
Lua module: luaotfload 2021-01-08 3.17 Lua based OpenType font support
Lua module: lualibs 2020-12-30 2.73 ConTeXt Lua standard libraries.
Lua module: lualibs-extended 2020-12-30 2.73 ConTeXt Lua libraries -- extended c
ollection.
luaotfload | conf : Root cache directory is "/Users/marco/Library/TinyTeX/texmf-
var/luatex-cache/generic/names".
luaotfload | init : Loading fontloader "fontloader-2021-01-07.lua" from kpse-res
olved path "/Users/marco/Library/TinyTeX/texmf-dist/tex/luatex/luaotfload/fontlo
ader-2021-01-07.lua".
Lua-only attribute luaotfload@noligature = 1
Lua-only attribute luaotfload@syllabe = 2
luaotfload | init : Context OpenType loader version 0x1.8e76c8b439581p+1
Inserting `luaotfload.node_processor' at position 1 in `pre_linebreak_filter'.
Inserting `luaotfload.node_processor' at position 1 in `hpack_filter'.
Inserting `luaotfload.glyph_stream' at position 1 in `glyph_stream_provider'.
Inserting `luaotfload.define_font' at position 1 in `define_font'.
Lua-only attribute luaotfload_color_attribute = 3
luaotfload | conf : Root cache directory is "/Users/marco/Library/TinyTeX/texmf-
var/luatex-cache/generic/names".
Inserting `luaotfload.harf.strip_prefix' at position 1 in `find_opentype_file'.
Inserting `luaotfload.harf.strip_prefix' at position 1 in `find_truetype_file'.
Inserting `luaotfload.harf.finalize_vlist' at position 1 in `post_linebreak_filt
er'.
Inserting `luaotfload.harf.finalize_hlist' at position 2 in `hpack_filter'.
Inserting `luaotfload.cleanup_files' at position 1 in `wrapup_run'.
Inserting `luaotfload.harf.finalize_unicode' at position 1 in `finish_pdffile'.
Inserting `luaotfload.glyphinfo' at position 1 in `glyph_info'.
Inserting `luaotfload.aux.set_sscale_dimens' at position 1 in `luaotfload.patch_
font'.
Inserting `luaotfload.aux.set_font_index' at position 2 in `luaotfload.patch_fon
t'.
Inserting `luaotfload.aux.patch_cambria_domh' at position 3 in `luaotfload.patch
_font'.
Inserting `luaotfload.aux.fixup_fontdata' at position 1 in `luaotfload.patch_fon
t_unsafe'.
Inserting `luaotfload.aux.set_capheight' at position 4 in `luaotfload.patch_font
'.
Inserting `luaotfload.aux.set_xheight' at position 5 in `luaotfload.patch_font'.
Inserting `luaotfload.rewrite_fontname' at position 6 in `luaotfload.patch_font'
. L3 programming layer <2021-02-18> (/Users/marco/Library/TinyTeX/texmf-dist/te
x/latex/koma-script/scrartcl.cls
Document Class: scrartcl 2020/09/21 v3.32 KOMA-Script document class (article)
(/Users/marco/Library/TinyTeX/texmf-dist/tex/latex/koma-script/scrkbase.sty
Package: scrkbase 2020/09/21 v3.32 KOMA-Script package (KOMA-Script-dependent ba
sics and keyval usage)
(/Users/marco/Library/TinyTeX/texmf-dist/tex/latex/koma-script/scrbase.sty
Package: scrbase 2020/09/21 v3.32 KOMA-Script package (KOMA-Script-independent b
asics and keyval usage)
(/Users/marco/Library/TinyTeX/texmf-dist/tex/latex/koma-script/scrlfile.sty
Package: scrlfile 2020/09/21 v3.32 KOMA-Script package (file load hooks)

(/Users/marco/Library/TinyTeX/texmf-dist/tex/latex/koma-script/scrlfile-hook.st
y
Package: scrlfile-hook 2020/09/21 v3.32 KOMA-Script package (using LaTeX hooks)

LaTeX3 Info: Defining command \BeforeFile with sig. 'm' on line 61.


LaTeX3 Info: Defining command \AfterFile with sig. 'm' on line 65.


LaTeX3 Info: Defining command \BeforeClass with sig. 'm' on line 69.


LaTeX3 Info: Defining command \BeforePackage with sig. 'm' on line 73.


LaTeX3 Info: Defining command \AfterAtEndOfClass with sig. 'smo+m' on line 83.


LaTeX3 Info: Defining command \AfterAtEndOfPackage with sig. 'smo+m' on line
(LaTeX3)     93.


LaTeX3 Info: Defining command \scrlfile@AfterClass with sig. 'smo+m' on line
(LaTeX3)     173.


LaTeX3 Info: Defining command \AfterClass with sig. '' on line 174.


LaTeX3 Info: Defining command \scrlfile@AfterPackage with sig. 'smo+m' on line
(LaTeX3)     191.


LaTeX3 Info: Defining command \AfterPackage with sig. '' on line 192.


LaTeX3 Info: Defining command \ReplaceInput with sig. '' on line 193.


LaTeX3 Info: Defining command \ReplaceClass with sig. 'mm' on line 196.


LaTeX3 Info: Defining command \ReplacePackage with sig. 'mm' on line 199.


LaTeX3 Info: Defining command \UnReplaceInput with sig. '' on line 200.


LaTeX3 Info: Defining command \UnReplaceClass with sig. 'm' on line 203.


LaTeX3 Info: Defining command \UnReplacePackage with sig. 'mm' on line 206.


LaTeX3 Info: Defining command \PreventPackageFromLoading with sig. 's+om' on
(LaTeX3)     line 234.


LaTeX3 Info: Defining command \StorePreventPackageFromLoading with sig. 'm' on
(LaTeX3)     line 242.


LaTeX3 Info: Defining command \ResetPreventPackageFromLoading with sig. '' on
(LaTeX3)     line 247.


LaTeX3 Info: Defining command \UnPreventPackageFromLoading with sig. 'sm' on
(LaTeX3)     line 261.


LaTeX3 Info: Defining command \BeforeClosingMainAux with sig. 'om' on line
(LaTeX3)     274.


LaTeX3 Info: Defining command \AfterReadingMainAux with sig. 'om' on line 287.


LaTeX3 Info: Defining command \protected@immediate@write with sig. 'm+m+m' on
(LaTeX3)     line 298.

(/Users/marco/Library/TinyTeX/texmf-dist/tex/latex/koma-script/scrlogo.sty
Package: scrlogo 2020/09/21 v3.32 KOMA-Script package (logo)
))) (/Users/marco/Library/TinyTeX/texmf-dist/tex/latex/graphics/keyval.sty
Package: keyval 2014/10/28 v1.15 key=value parser (DPC)
\KV@toks@=\toks15
))) (/Users/marco/Library/TinyTeX/texmf-dist/tex/latex/koma-script/tocbasic.sty
Package: tocbasic 2020/09/21 v3.32 KOMA-Script package (handling toc-files)
\scr@dte@tocline@numberwidth=\skip47
\scr@dte@tocline@numbox=\box47
)
Package tocbasic Info: babel extension for `toc' omitted
(tocbasic)             because of missing \bbl@set@language on input line 135.
Class scrartcl Info: File `scrsize11pt.clo' used instead of
(scrartcl)           file `scrsize11.clo' to setup font sizes on input line 2222
.
(/Users/marco/Library/TinyTeX/texmf-dist/tex/latex/koma-script/scrsize11pt.clo
File: scrsize11pt.clo 2020/09/21 v3.32 KOMA-Script font size class option (11pt)

luaotfload | db : Font names database loaded from /Users/marco/Library/TinyTeX/t
exmf-var/luatex-cache/generic/names/luaotfload-names.luc) (/Users/marco/Library
/TinyTeX/texmf-dist/tex/latex/koma-script/typearea.sty
Package: typearea 2020/09/21 v3.32 KOMA-Script package (type area)
\ta@bcor=\skip48
\ta@div=\count175
\ta@hblk=\skip49
\ta@vblk=\skip50
\ta@temp=\skip51
\footheight=\skip52
Package typearea Info: These are the values describing the layout:
(typearea)             DIV  = 10
(typearea)             BCOR = 0.0pt
(typearea)             \paperwidth      = 597.50793pt
(typearea)              \textwidth      = 418.25555pt
(typearea)              DIV departure   = -6%
(typearea)              \evensidemargin = 17.3562pt
(typearea)              \oddsidemargin  = 17.3562pt
(typearea)             \paperheight     = 845.04694pt
(typearea)              \textheight     = 595.80026pt
(typearea)              \topmargin      = -25.16531pt
(typearea)              \headheight     = 17.0pt
(typearea)              \headsep        = 20.40001pt
(typearea)              \topskip        = 11.0pt
(typearea)              \footskip       = 47.6pt
(typearea)              \baselineskip   = 13.6pt
(typearea)              on input line 1740.
)
\c@part=\count176
\c@section=\count177
\c@subsection=\count178
\c@subsubsection=\count179
\c@paragraph=\count180
\c@subparagraph=\count181
\scr@dte@section@maxnumwidth=\skip53
Class scrartcl Info: using compatibility default `runin=bysign'
(scrartcl)           for `\section on input line 4795.
Class scrartcl Info: using compatibility default `afterindent=bysign'
(scrartcl)           for `\section on input line 4795.
\scr@dte@part@maxnumwidth=\skip54
Class scrartcl Info: using compatibility default `afterindent=false'
(scrartcl)           for `\part on input line 4803.
\scr@dte@subsection@maxnumwidth=\skip55
Class scrartcl Info: using compatibility default `runin=bysign'
(scrartcl)           for `\subsection on input line 4813.
Class scrartcl Info: using compatibility default `afterindent=bysign'
(scrartcl)           for `\subsection on input line 4813.
\scr@dte@subsubsection@maxnumwidth=\skip56
Class scrartcl Info: using compatibility default `runin=bysign'
(scrartcl)           for `\subsubsection on input line 4823.
Class scrartcl Info: using compatibility default `afterindent=bysign'
(scrartcl)           for `\subsubsection on input line 4823.
\scr@dte@paragraph@maxnumwidth=\skip57
Class scrartcl Info: using compatibility default `runin=bysign'
(scrartcl)           for `\paragraph on input line 4834.
Class scrartcl Info: using compatibility default `afterindent=bysign'
(scrartcl)           for `\paragraph on input line 4834.
\scr@dte@subparagraph@maxnumwidth=\skip58
Class scrartcl Info: using compatibility default `runin=bysign'
(scrartcl)           for `\subparagraph on input line 4844.
Class scrartcl Info: using compatibility default `afterindent=bysign'
(scrartcl)           for `\subparagraph on input line 4844.
\abovecaptionskip=\skip59
\belowcaptionskip=\skip60
\c@pti@nb@sid@b@x=\box48
Package tocbasic Info: babel extension for `lof' omitted
(tocbasic)             because of missing \bbl@set@language on input line 6076.
\scr@dte@figure@maxnumwidth=\skip61
\c@figure=\count182
Package tocbasic Info: babel extension for `lot' omitted
(tocbasic)             because of missing \bbl@set@language on input line 6088.
\scr@dte@table@maxnumwidth=\skip62
\c@table=\count183
Class scrartcl Info: Redefining `\numberline' on input line 6252.
\bibindent=\dimen138
) (/Users/marco/Library/TinyTeX/texmf-dist/tex/latex/amsmath/amsmath.sty
Package: amsmath 2020/09/23 v2.17i AMS math features
\@mathmargin=\skip63
For additional information on amsmath, use the `?' option.
(/Users/marco/Library/TinyTeX/texmf-dist/tex/latex/amsmath/amstext.sty
Package: amstext 2000/06/29 v2.01 AMS text
(/Users/marco/Library/TinyTeX/texmf-dist/tex/latex/amsmath/amsgen.sty
File: amsgen.sty 1999/11/30 v2.0 generic functions
\@emptytoks=\toks16
\ex@=\dimen139
)) (/Users/marco/Library/TinyTeX/texmf-dist/tex/latex/amsmath/amsbsy.sty
Package: amsbsy 1999/11/29 v1.2d Bold Symbols
\pmbraise@=\dimen140
) (/Users/marco/Library/TinyTeX/texmf-dist/tex/latex/amsmath/amsopn.sty
Package: amsopn 2016/03/08 v2.02 operator names
)
\inf@bad=\count184
LaTeX Info: Redefining \frac on input line 236.
\uproot@=\count185
\leftroot@=\count186
LaTeX Info: Redefining \overline on input line 399.
\classnum@=\count187
\DOTSCASE@=\count188
LaTeX Info: Redefining \ldots on input line 496.
LaTeX Info: Redefining \dots on input line 499.
LaTeX Info: Redefining \cdots on input line 620.
\Mathstrutbox@=\box49
\strutbox@=\box50
\big@size=\dimen141
LaTeX Font Info:    Redeclaring font encoding OML on input line 743.
LaTeX Font Info:    Redeclaring font encoding OMS on input line 744.
\macc@depth=\count189
\c@MaxMatrixCols=\count190
\dotsspace@=\muskip16
\c@parentequation=\count191
\dspbrk@lvl=\count192
\tag@help=\toks17
\row@=\count193
\column@=\count194
\maxfields@=\count195
\andhelp@=\toks18
\eqnshift@=\dimen142
\alignsep@=\dimen143
\tagshift@=\dimen144
\tagwidth@=\dimen145
\totwidth@=\dimen146
\lineht@=\dimen147
\@envbody=\toks19
\multlinegap=\skip64
\multlinetaggap=\skip65
\mathdisplay@stack=\toks20
LaTeX Info: Redefining \[ on input line 2923.
LaTeX Info: Redefining \] on input line 2924.
) (/Users/marco/Library/TinyTeX/texmf-dist/tex/latex/amsfonts/amssymb.sty
Package: amssymb 2013/01/14 v3.01 AMS font symbols
(/Users/marco/Library/TinyTeX/texmf-dist/tex/latex/amsfonts/amsfonts.sty
Package: amsfonts 2013/01/14 v3.01 Basic AMSFonts support
\symAMSa=\mathgroup4
\symAMSb=\mathgroup5
LaTeX Font Info:    Redeclaring math symbol \hbar on input line 98.
LaTeX Font Info:    Overwriting math alphabet `\mathfrak' in version `bold'
(Font)                  U/euf/m/n --> U/euf/b/n on input line 106.
)) (/Users/marco/Library/TinyTeX/texmf-dist/tex/latex/lm/lmodern.sty
Package: lmodern 2009/10/30 v1.6 Latin Modern Fonts
LaTeX Font Info:    Overwriting symbol font `operators' in version `normal'
(Font)                  OT1/cmr/m/n --> OT1/lmr/m/n on input line 22.
LaTeX Font Info:    Overwriting symbol font `letters' in version `normal'
(Font)                  OML/cmm/m/it --> OML/lmm/m/it on input line 23.
LaTeX Font Info:    Overwriting symbol font `symbols' in version `normal'
(Font)                  OMS/cmsy/m/n --> OMS/lmsy/m/n on input line 24.
LaTeX Font Info:    Overwriting symbol font `largesymbols' in version `normal'
(Font)                  OMX/cmex/m/n --> OMX/lmex/m/n on input line 25.
LaTeX Font Info:    Overwriting symbol font `operators' in version `bold'
(Font)                  OT1/cmr/bx/n --> OT1/lmr/bx/n on input line 26.
LaTeX Font Info:    Overwriting symbol font `letters' in version `bold'
(Font)                  OML/cmm/b/it --> OML/lmm/b/it on input line 27.
LaTeX Font Info:    Overwriting symbol font `symbols' in version `bold'
(Font)                  OMS/cmsy/b/n --> OMS/lmsy/b/n on input line 28.
LaTeX Font Info:    Overwriting symbol font `largesymbols' in version `bold'
(Font)                  OMX/cmex/m/n --> OMX/lmex/m/n on input line 29.
LaTeX Font Info:    Overwriting math alphabet `\mathbf' in version `normal'
(Font)                  OT1/cmr/bx/n --> OT1/lmr/bx/n on input line 31.
LaTeX Font Info:    Overwriting math alphabet `\mathsf' in version `normal'
(Font)                  OT1/cmss/m/n --> OT1/lmss/m/n on input line 32.
LaTeX Font Info:    Overwriting math alphabet `\mathit' in version `normal'
(Font)                  OT1/cmr/m/it --> OT1/lmr/m/it on input line 33.
LaTeX Font Info:    Overwriting math alphabet `\mathtt' in version `normal'
(Font)                  OT1/cmtt/m/n --> OT1/lmtt/m/n on input line 34.
LaTeX Font Info:    Overwriting math alphabet `\mathbf' in version `bold'
(Font)                  OT1/cmr/bx/n --> OT1/lmr/bx/n on input line 35.
LaTeX Font Info:    Overwriting math alphabet `\mathsf' in version `bold'
(Font)                  OT1/cmss/bx/n --> OT1/lmss/bx/n on input line 36.
LaTeX Font Info:    Overwriting math alphabet `\mathit' in version `bold'
(Font)                  OT1/cmr/bx/it --> OT1/lmr/bx/it on input line 37.
LaTeX Font Info:    Overwriting math alphabet `\mathtt' in version `bold'
(Font)                  OT1/cmtt/m/n --> OT1/lmtt/m/n on input line 38.
) (/Users/marco/Library/TinyTeX/texmf-dist/tex/latex/setspace/setspace.sty
Package: setspace 2011/12/19 v6.7a set line spacing
) (/Users/marco/Library/TinyTeX/texmf-dist/tex/generic/iftex/ifxetex.sty
Package: ifxetex 2019/10/25 v0.7 ifxetex legacy package. Use iftex instead.
(/Users/marco/Library/TinyTeX/texmf-dist/tex/generic/iftex/iftex.sty
Package: iftex 2020/03/06 v1.0d TeX engine tests
)) (/Users/marco/Library/TinyTeX/texmf-dist/tex/generic/iftex/ifluatex.sty
Package: ifluatex 2019/10/25 v1.5 ifluatex legacy package. Use iftex instead.
)
(/Users/marco/Library/TinyTeX/texmf-dist/tex/latex/unicode-math/unicode-math.st
y (/Users/marco/Library/TinyTeX/texmf-dist/tex/latex/l3kernel/expl3.sty
Package: expl3 2021-02-18 L3 programming layer (loader) 

(/Users/marco/Library/TinyTeX/texmf-dist/tex/latex/l3backend/l3backend-luatex.d
ef
File: l3backend-luatex.def 2021-02-18 L3 backend support: PDF output (LuaTeX)
\l__color_backend_stack_int=\count196
\l__pdf_internal_box=\box51
))
Package: unicode-math 2020/01/31 v0.8q Unicode maths in XeLaTeX and LuaLaTeX

(/Users/marco/Library/TinyTeX/texmf-dist/tex/latex/unicode-math/unicode-math-lu
atex.sty
Package: unicode-math-luatex 2020/01/31 v0.8q Unicode maths in XeLaTeX and LuaLa
TeX

(/Users/marco/Library/TinyTeX/texmf-dist/tex/latex/l3packages/xparse/xparse.sty

(/Users/marco/Library/TinyTeX/texmf-dist/tex/latex/l3packages/xparse/xparse-202
0-10-01.sty
(/Users/marco/Library/TinyTeX/texmf-dist/tex/latex/l3packages/xparse/xparse-gen
eric.tex)))
(/Users/marco/Library/TinyTeX/texmf-dist/tex/latex/l3packages/l3keys2e/l3keys2e
.sty
Package: l3keys2e 2021-02-02 LaTeX2e option processing using LaTeX3 keys
) (/Users/marco/Library/TinyTeX/texmf-dist/tex/latex/fontspec/fontspec.sty
Package: fontspec 2020/02/21 v2.7i Font selection for XeLaTeX and LuaLaTeX
Lua module: fontspec 2020/02/21 2.7i Font selection for XeLaTeX and LuaLaTeX
(/Users/marco/Library/TinyTeX/texmf-dist/tex/latex/fontspec/fontspec-luatex.sty
Package: fontspec-luatex 2020/02/21 v2.7i Font selection for XeLaTeX and LuaLaTe
X
\l__fontspec_script_int=\count197
\l__fontspec_language_int=\count198
\l__fontspec_strnum_int=\count199
\l__fontspec_tmp_int=\count266
\l__fontspec_tmpa_int=\count267
\l__fontspec_tmpb_int=\count268
\l__fontspec_tmpc_int=\count269
\l__fontspec_em_int=\count270
\l__fontspec_emdef_int=\count271
\l__fontspec_strong_int=\count272
\l__fontspec_strongdef_int=\count273
\l__fontspec_tmpa_dim=\dimen148
\l__fontspec_tmpb_dim=\dimen149
\l__fontspec_tmpc_dim=\dimen150
(/Users/marco/Library/TinyTeX/texmf-dist/tex/latex/base/fontenc.sty
Package: fontenc 2020/08/10 v2.0s Standard LaTeX package
) (/Users/marco/Library/TinyTeX/texmf-dist/tex/latex/fontspec/fontspec.cfg))) (/Users/marco/Library/TinyTeX/texmf-dist/tex/latex/base/fix-cm.sty
Package: fix-cm 2015/01/14 v1.1t fixes to LaTeX
(/Users/marco/Library/TinyTeX/texmf-dist/tex/latex/base/ts1enc.def
File: ts1enc.def 2001/06/05 v3.0e (jk/car/fm) Standard LaTeX file
LaTeX Font Info:    Redeclaring font encoding TS1 on input line 47.
))
(/Users/marco/Library/TinyTeX/texmf-dist/tex/lualatex/lualatex-math/lualatex-ma
th.sty
Package: lualatex-math 2020/09/25 v1.9 Patches for mathematics typesetting with 
LuaLaTeX
(/Users/marco/Library/TinyTeX/texmf-dist/tex/latex/etoolbox/etoolbox.sty
Package: etoolbox 2020/10/05 v2.5k e-TeX tools for LaTeX (JAW)
\etb@tempcnta=\count274
)
Lua module: lualatex-math 2013/08/03 1.3 Patches for mathematics typesetting wit
h LuaLaTeX)
\g__um_fam_int=\count275
\g__um_fonts_used_int=\count276
\l__um_primecount_int=\count277
\g__um_primekern_muskip=\muskip17

(/Users/marco/Library/TinyTeX/texmf-dist/tex/latex/unicode-math/unicode-math-ta
ble.tex)))
luaotfload | cache : Lookup cache loaded from /Users/marco/Library/TinyTeX/texmf
-var/luatex-cache/generic/names/luaotfload-lookup-cache.luc.

Package fontspec Info: SFProDisplay scale = 0.8487364749723532.


Package fontspec Info: SFProDisplay scale = 0.8487364749723532.


Package fontspec Info: SFProDisplay scale = 0.8487364749723532.


Package fontspec Info: SFProDisplay/B scale = 0.8234006868460986.


Package fontspec Info: SFProDisplay/B scale = 0.8234006868460986.


Package fontspec Info: SFProDisplay/I scale = 0.8487364749723532.

luaotfload | aux : font no 33 (nil) does not define feature smcp for script latn
 with language dflt

Package fontspec Info: SFProDisplay/BI scale = 0.8211032677517582.

luaotfload | aux : font no 34 (nil) does not define feature smcp for script latn
 with language dflt

Package fontspec Info: Font family 'SFProDisplay(0)' created for font 'SF Pro
(fontspec)             Display' with options
(fontspec)             [Scale=MatchLowercase,Ligatures=TeX,Scale=1].
(fontspec)              
(fontspec)              This font family consists of the following NFSS
(fontspec)             series/shapes:
(fontspec)              
(fontspec)             - 'normal' (m/n) with NFSS spec.:
(fontspec)             <->s*[1]"SFProDisplay:mode=node;script=latn;language=dflt
;+tlig;"
(fontspec)             - 'small caps'  (m/sc) with NFSS spec.:
(fontspec)             <->s*[1]"SFProDisplay:mode=node;script=latn;language=dflt
;+tlig;+smcp;"
(fontspec)             - 'bold' (b/n) with NFSS spec.:
(fontspec)             <->s*[1]"SFProDisplay/B:mode=node;script=latn;language=df
lt;+tlig;"
(fontspec)             - 'bold small caps'  (b/sc) with NFSS spec.:
(fontspec)             <->s*[1]"SFProDisplay/B:mode=node;script=latn;language=df
lt;+tlig;+smcp;"
(fontspec)             - 'italic' (m/it) with NFSS spec.:
(fontspec)             <->s*[1]"SFProDisplay/I:mode=node;script=latn;language=df
lt;+tlig;"
(fontspec)             - 'italic small caps'  (m/scit) with NFSS spec.: 
(fontspec)             - 'bold italic' (b/it) with NFSS spec.:
(fontspec)             <->s*[1]"SFProDisplay/BI:mode=node;script=latn;language=d
flt;+tlig;"
(fontspec)             - 'bold italic small caps'  (b/scit) with NFSS spec.: 

LaTeX Font Info:    Font shape `TU/SFProDisplay(0)/m/n' will be
(Font)              scaled to size 10.95pt on input line 66.

Package fontspec Info: SFProDisplay scale = 0.9999972558909163.


Package fontspec Info: SFProDisplay scale = 0.9999972558909163.


Package fontspec Info: SFProDisplay scale = 0.9999972558909163.


Package fontspec Info: SFProDisplay/B scale = 0.9701461544605063.


Package fontspec Info: SFProDisplay/B scale = 0.9701461544605063.


Package fontspec Info: SFProDisplay/I scale = 0.9999972558909163.

luaotfload | aux : font no 44 (nil) does not define feature smcp for script latn
 with language dflt

Package fontspec Info: SFProDisplay/BI scale = 0.9674392921331313.

luaotfload | aux : font no 45 (nil) does not define feature smcp for script latn
 with language dflt

Package fontspec Info: Font family 'SFProDisplay(1)' created for font 'SF Pro
(fontspec)             Display' with options
(fontspec)             [Scale=MatchLowercase,Renderer=Basic].
(fontspec)              
(fontspec)              This font family consists of the following NFSS
(fontspec)             series/shapes:
(fontspec)              
(fontspec)             - 'normal' (m/n) with NFSS spec.:
(fontspec)             <->s*[0.9999972558909163]"SFProDisplay:mode=base;script=l
atn;language=dflt;"
(fontspec)             - 'small caps'  (m/sc) with NFSS spec.:
(fontspec)             <->s*[0.9999972558909163]"SFProDisplay:mode=base;script=l
atn;language=dflt;+smcp;"
(fontspec)             - 'bold' (b/n) with NFSS spec.:
(fontspec)             <->s*[0.9701461544605063]"SFProDisplay/B:mode=base;script
=latn;language=dflt;"
(fontspec)             - 'bold small caps'  (b/sc) with NFSS spec.:
(fontspec)             <->s*[0.9701461544605063]"SFProDisplay/B:mode=base;script
=latn;language=dflt;+smcp;"
(fontspec)             - 'italic' (m/it) with NFSS spec.:
(fontspec)             <->s*[0.9999972558909163]"SFProDisplay/I:mode=base;script
=latn;language=dflt;"
(fontspec)             - 'italic small caps'  (m/scit) with NFSS spec.: 
(fontspec)             - 'bold italic' (b/it) with NFSS spec.:
(fontspec)             <->s*[0.9674392921331313]"SFProDisplay/BI:mode=base;scrip
t=latn;language=dflt;"
(fontspec)             - 'bold italic small caps'  (b/scit) with NFSS spec.: 

LaTeX Font Info:    Overwriting math alphabet `\mathrm' in version `normal'
(Font)                  OT1/lmr/m/n --> TU/SFProDisplay(1)/m/n on input line 66.

LaTeX Font Info:    Overwriting math alphabet `\mathit' in version `normal'
(Font)                  OT1/lmr/m/it --> TU/SFProDisplay(1)/m/it on input line 6
6.
LaTeX Font Info:    Overwriting math alphabet `\mathbf' in version `normal'
(Font)                  OT1/lmr/bx/n --> TU/SFProDisplay(1)/b/n on input line 66
.

Package fontspec Info: SFProDisplayBold scale = 0.9701461544605063.


Package fontspec Info: Could not resolve font "SFProDisplayBold/BI" (it
(fontspec)             probably doesn't exist).


Package fontspec Info: Could not resolve font "SFProDisplayBold/B" (it
(fontspec)             probably doesn't exist).


Package fontspec Info: Could not resolve font "SFProDisplayBold/I" (it
(fontspec)             probably doesn't exist).


Package fontspec Info: SFProDisplayBold scale = 0.9701461544605063.


Package fontspec Info: SFProDisplayBold scale = 0.9701461544605063.


Package fontspec Info: Font family 'SFProDisplayBold(0)' created for font 'SF
(fontspec)             Pro Display Bold' with options
(fontspec)             [Scale=MatchLowercase,Ligatures=TeX].
(fontspec)              
(fontspec)              This font family consists of the following NFSS
(fontspec)             series/shapes:
(fontspec)              
(fontspec)             - 'normal' (m/n) with NFSS spec.:
(fontspec)             <->s*[0.9701461544605063]"SFProDisplayBold:mode=node;scri
pt=latn;language=dflt;+tlig;"
(fontspec)             - 'small caps'  (m/sc) with NFSS spec.:
(fontspec)             <->s*[0.9701461544605063]"SFProDisplayBold:mode=node;scri
pt=latn;language=dflt;+tlig;+smcp;"


Package fontspec Info: SFProDisplayBold scale = 0.9701461544605063.


Package fontspec Info: Could not resolve font "SFProDisplayBold/BI" (it
(fontspec)             probably doesn't exist).


Package fontspec Info: Could not resolve font "SFProDisplayBold/B" (it
(fontspec)             probably doesn't exist).


Package fontspec Info: Could not resolve font "SFProDisplayBold/I" (it
(fontspec)             probably doesn't exist).


Package fontspec Info: SFProDisplayBold scale = 0.9701461544605063.


Package fontspec Info: SFProDisplayBold scale = 0.9701461544605063.


Package fontspec Info: Font family 'SFProDisplayBold(1)' created for font 'SF
(fontspec)             Pro Display Bold' with options
(fontspec)             [Scale=MatchLowercase,Renderer=Basic].
(fontspec)              
(fontspec)              This font family consists of the following NFSS
(fontspec)             series/shapes:
(fontspec)              
(fontspec)             - 'normal' (m/n) with NFSS spec.:
(fontspec)             <->s*[0.9701461544605063]"SFProDisplayBold:mode=base;scri
pt=latn;language=dflt;"
(fontspec)             - 'small caps'  (m/sc) with NFSS spec.:
(fontspec)             <->s*[0.9701461544605063]"SFProDisplayBold:mode=base;scri
pt=latn;language=dflt;+smcp;"

LaTeX Font Info:    Overwriting math alphabet `\mathsf' in version `normal'
(Font)                  OT1/lmss/m/n --> TU/SFProDisplayBold(1)/m/n on input lin
e 67.
LaTeX Font Info:    Overwriting math alphabet `\mathsf' in version `bold'
(Font)                  OT1/lmss/bx/n --> TU/SFProDisplayBold(1)/b/n on input li
ne 67.

Package fontspec Info: FiraCodeRetina scale = 0.9394997976193851.


Package fontspec Info: Could not resolve font "FiraCodeRetina/BI" (it probably
(fontspec)             doesn't exist).


Package fontspec Info: Could not resolve font "FiraCodeRetina/B" (it probably
(fontspec)             doesn't exist).


Package fontspec Info: Could not resolve font "FiraCodeRetina/I" (it probably
(fontspec)             doesn't exist).


Package fontspec Info: FiraCodeRetina scale = 0.9394997976193851.

luaotfload | aux : font no 53 (nil) does not define feature smcp for script latn
 with language dflt

Package fontspec Info: Font family 'FiraCodeRetina(0)' created for font 'Fira
(fontspec)             Code Retina' with options
(fontspec)             [Scale=MatchLowercase,WordSpace={1,0,0},HyphenChar=None,P
unctuationSpace=WordSpace].
(fontspec)              
(fontspec)              This font family consists of the following NFSS
(fontspec)             series/shapes:
(fontspec)              
(fontspec)             - 'normal' (m/n) with NFSS spec.:
(fontspec)             <->s*[0.9394997976193851]"FiraCodeRetina:mode=node;script
=latn;language=dflt;"
(fontspec)             - 'small caps'  (m/sc) with NFSS spec.: 
(fontspec)             and font adjustment code:
(fontspec)             \fontdimen 2\font =1\fontdimen 2\font \fontdimen 3\font
(fontspec)             =0\fontdimen 3\font \fontdimen 4\font =0\fontdimen
(fontspec)             4\font \fontdimen 7\font =0\fontdimen 2\font
(fontspec)             \tex_hyphenchar:D \font =-1\scan_stop: 


Package fontspec Info: FiraCodeRetina scale = 0.9394997976193851.


Package fontspec Info: Could not resolve font "FiraCodeRetina/BI" (it probably
(fontspec)             doesn't exist).


Package fontspec Info: Could not resolve font "FiraCodeRetina/B" (it probably
(fontspec)             doesn't exist).


Package fontspec Info: Could not resolve font "FiraCodeRetina/I" (it probably
(fontspec)             doesn't exist).


Package fontspec Info: FiraCodeRetina scale = 0.9394997976193851.

luaotfload | aux : font no 57 (nil) does not define feature smcp for script latn
 with language dflt

Package fontspec Info: Font family 'FiraCodeRetina(1)' created for font 'Fira
(fontspec)             Code Retina' with options
(fontspec)             [Scale=MatchLowercase,Renderer=Basic].
(fontspec)              
(fontspec)              This font family consists of the following NFSS
(fontspec)             series/shapes:
(fontspec)              
(fontspec)             - 'normal' (m/n) with NFSS spec.:
(fontspec)             <->s*[0.9394997976193851]"FiraCodeRetina:mode=base;script
=latn;language=dflt;"
(fontspec)             - 'small caps'  (m/sc) with NFSS spec.: 

LaTeX Font Info:    Overwriting math alphabet `\mathtt' in version `normal'
(Font)                  OT1/lmtt/m/n --> TU/FiraCodeRetina(1)/m/n on input line 
68.
LaTeX Font Info:    Overwriting math alphabet `\mathtt' in version `bold'
(Font)                  OT1/lmtt/m/n --> TU/FiraCodeRetina(1)/b/n on input line 
68.
(/Users/marco/Library/TinyTeX/texmf-dist/tex/latex/upquote/upquote.sty
Package: upquote 2012/04/19 v1.3 upright-quote and grave-accent glyphs in verbat
im
(/Users/marco/Library/TinyTeX/texmf-dist/tex/latex/base/textcomp.sty
Package: textcomp 2020/02/02 v2.0n Standard LaTeX package
)) (/Users/marco/Library/TinyTeX/texmf-dist/tex/latex/xcolor/xcolor.sty
Package: xcolor 2016/05/11 v2.12 LaTeX color extensions (UK)
(/Users/marco/Library/TinyTeX/texmf-dist/tex/latex/graphics-cfg/color.cfg
File: color.cfg 2016/01/02 v1.6 sample color configuration
)
Package xcolor Info: Driver file: luatex.def on input line 225.
(/Users/marco/Library/TinyTeX/texmf-dist/tex/latex/graphics-def/luatex.def
File: luatex.def 2020/10/05 v1.2a Graphics/color driver for luatex
) (/Users/marco/Library/TinyTeX/texmf-dist/tex/latex/colortbl/colortbl.sty
Package: colortbl 2020/01/04 v1.0e Color table columns (DPC)
(/Users/marco/Library/TinyTeX/texmf-dist/tex/latex/tools/array.sty
Package: array 2020/10/01 v2.5c Tabular extension package (FMi)
\col@sep=\dimen151
\ar@mcellbox=\box52
\extrarowheight=\dimen152
\NC@list=\toks21
\extratabsurround=\skip66
\backup@length=\skip67
\ar@cellbox=\box53
)
\everycr=\toks22
\minrowclearance=\skip68
)
\rownum=\count278
Package xcolor Info: Model `cmy' substituted by `cmy0' on input line 1348.
Package xcolor Info: Model `hsb' substituted by `rgb' on input line 1352.
Package xcolor Info: Model `RGB' extended on input line 1364.
Package xcolor Info: Model `HTML' substituted by `rgb' on input line 1366.
Package xcolor Info: Model `Hsb' substituted by `hsb' on input line 1367.
Package xcolor Info: Model `tHsb' substituted by `hsb' on input line 1368.
Package xcolor Info: Model `HSB' substituted by `hsb' on input line 1369.
Package xcolor Info: Model `Gray' substituted by `gray' on input line 1370.
Package xcolor Info: Model `wave' substituted by `hsb' on input line 1371.
(/Users/marco/Library/TinyTeX/texmf-dist/tex/latex/graphics/dvipsnam.def
File: dvipsnam.def 2016/06/17 v3.0m Driver-dependent file (DPC,SPQR)
) (/Users/marco/Library/TinyTeX/texmf-dist/tex/latex/xcolor/svgnam.def
File: svgnam.def 2016/05/11 v2.12 Predefined colors according to SVG 1.1 (UK)
) (/Users/marco/Library/TinyTeX/texmf-dist/tex/latex/xcolor/x11nam.def
File: x11nam.def 2016/05/11 v2.12 Predefined colors according to Unix/X11 (UK)
)) (/Users/marco/Library/TinyTeX/texmf-dist/tex/latex/bookmark/bookmark.sty
Package: bookmark 2020-11-06 v1.29 PDF bookmarks (HO)
(/Users/marco/Library/TinyTeX/texmf-dist/tex/latex/hyperref/hyperref.sty
Package: hyperref 2021-02-10 v7.00j Hypertext links for LaTeX
(/Users/marco/Library/TinyTeX/texmf-dist/tex/generic/ltxcmds/ltxcmds.sty
Package: ltxcmds 2020-05-10 v1.25 LaTeX kernel commands for general use (HO)
) (/Users/marco/Library/TinyTeX/texmf-dist/tex/generic/pdftexcmds/pdftexcmds.st
y
Package: pdftexcmds 2020-06-27 v0.33 Utility functions of pdfTeX for LuaTeX (HO)

(/Users/marco/Library/TinyTeX/texmf-dist/tex/generic/infwarerr/infwarerr.sty
Package: infwarerr 2019/12/03 v1.5 Providing info/warning/error messages (HO)
)
Package pdftexcmds Info: \pdf@primitive is available.
Package pdftexcmds Info: \pdf@ifprimitive is available.
Package pdftexcmds Info: \pdfdraftmode found.
\pdftexcmds@toks=\toks23
) (/Users/marco/Library/TinyTeX/texmf-dist/tex/generic/kvsetkeys/kvsetkeys.sty
Package: kvsetkeys 2019/12/15 v1.18 Key value parser (HO)
)
(/Users/marco/Library/TinyTeX/texmf-dist/tex/generic/kvdefinekeys/kvdefinekeys.
sty
Package: kvdefinekeys 2019-12-19 v1.6 Define keys (HO)
) (/Users/marco/Library/TinyTeX/texmf-dist/tex/generic/pdfescape/pdfescape.sty
Package: pdfescape 2019/12/09 v1.15 Implements pdfTeX's escape features (HO)
) (/Users/marco/Library/TinyTeX/texmf-dist/tex/latex/hycolor/hycolor.sty
Package: hycolor 2020-01-27 v1.10 Color options for hyperref/bookmark (HO)
) (/Users/marco/Library/TinyTeX/texmf-dist/tex/latex/letltxmacro/letltxmacro.st
y
Package: letltxmacro 2019/12/03 v1.6 Let assignment for LaTeX macros (HO)
) (/Users/marco/Library/TinyTeX/texmf-dist/tex/latex/auxhook/auxhook.sty
Package: auxhook 2019-12-17 v1.6 Hooks for auxiliary files (HO)
) (/Users/marco/Library/TinyTeX/texmf-dist/tex/latex/kvoptions/kvoptions.sty
Package: kvoptions 2020-10-07 v3.14 Key value format for package options (HO)
)
\@linkdim=\dimen153
\Hy@linkcounter=\count279
\Hy@pagecounter=\count280
(/Users/marco/Library/TinyTeX/texmf-dist/tex/latex/hyperref/pd1enc.def
File: pd1enc.def 2021-02-10 v7.00j Hyperref: PDFDocEncoding definition (HO)
)
(/Users/marco/Library/TinyTeX/texmf-dist/tex/latex/hyperref/hyperref-langpatche
s.def
File: hyperref-langpatches.def 2021-02-10 v7.00j Hyperref: patches for babel lan
guages
) (/Users/marco/Library/TinyTeX/texmf-dist/tex/generic/intcalc/intcalc.sty
Package: intcalc 2019/12/15 v1.3 Expandable calculations with integers (HO)
) (/Users/marco/Library/TinyTeX/texmf-dist/tex/generic/etexcmds/etexcmds.sty
Package: etexcmds 2019/12/15 v1.7 Avoid name clashes with e-TeX commands (HO)
)
\Hy@SavedSpaceFactor=\count281
(/Users/marco/Library/TinyTeX/texmf-dist/tex/latex/hyperref/puenc.def
File: puenc.def 2021-02-10 v7.00j Hyperref: PDF Unicode definition (HO)
)
Package hyperref Info: Option `unicode' set `true' on input line 4073.
Package hyperref Info: Hyper figures OFF on input line 4192.
Package hyperref Info: Link nesting OFF on input line 4197.
Package hyperref Info: Hyper index ON on input line 4200.
Package hyperref Info: Plain pages OFF on input line 4207.
Package hyperref Info: Backreferencing OFF on input line 4212.
Package hyperref Info: Implicit mode ON; LaTeX internals redefined.
Package hyperref Info: Bookmarks ON on input line 4445.
\c@Hy@tempcnt=\count282
(/Users/marco/Library/TinyTeX/texmf-dist/tex/latex/url/url.sty
\Urlmuskip=\muskip18
Package: url 2013/09/16  ver 3.4  Verb mode for urls, etc.
)
LaTeX Info: Redefining \url on input line 4804.
\XeTeXLinkMargin=\dimen154
(/Users/marco/Library/TinyTeX/texmf-dist/tex/generic/bitset/bitset.sty
Package: bitset 2019/12/09 v1.3 Handle bit-vector datatype (HO)
(/Users/marco/Library/TinyTeX/texmf-dist/tex/generic/bigintcalc/bigintcalc.sty
Package: bigintcalc 2019/12/15 v1.5 Expandable calculations on big integers (HO)

))
\Fld@menulength=\count283
\Field@Width=\dimen155
\Fld@charsize=\dimen156
Package hyperref Info: Hyper figures OFF on input line 6075.
Package hyperref Info: Link nesting OFF on input line 6080.
Package hyperref Info: Hyper index ON on input line 6083.
Package hyperref Info: backreferencing OFF on input line 6090.
Package hyperref Info: Link coloring OFF on input line 6095.
Package hyperref Info: Link coloring with OCG OFF on input line 6100.
Package hyperref Info: PDF/A mode OFF on input line 6105.
LaTeX Info: Redefining \ref on input line 6145.
LaTeX Info: Redefining \pageref on input line 6149.
(/Users/marco/Library/TinyTeX/texmf-dist/tex/latex/base/atbegshi-ltx.sty
Package: atbegshi-ltx 2020/08/17 v1.0a Emulation of the original atbegshi packag
e
with kernel methods
)
\Hy@abspage=\count284
\c@Item=\count285
\c@Hfootnote=\count286
)
Package hyperref Info: Driver (autodetected): hluatex.
(/Users/marco/Library/TinyTeX/texmf-dist/tex/latex/hyperref/hluatex.def
File: hluatex.def 2021-02-10 v7.00j Hyperref driver for luaTeX
(/Users/marco/Library/TinyTeX/texmf-dist/tex/generic/stringenc/stringenc.sty
Package: stringenc 2019/11/29 v1.12 Convert strings between diff. encodings (HO)

) (/Users/marco/Library/TinyTeX/texmf-dist/tex/latex/base/atveryend-ltx.sty
Package: atveryend-ltx 2020/08/19 v1.0a Emulation of the original atvery package

with kernel methods
)
\Fld@listcount=\count287
\c@bookmark@seq@number=\count288

(/Users/marco/Library/TinyTeX/texmf-dist/tex/latex/rerunfilecheck/rerunfilechec
k.sty
Package: rerunfilecheck 2019/12/05 v1.9 Rerun checks for auxiliary files (HO)

(/Users/marco/Library/TinyTeX/texmf-dist/tex/generic/uniquecounter/uniquecounte
r.sty
Package: uniquecounter 2019/12/15 v1.4 Provide unlimited unique counter (HO)
)
Package uniquecounter Info: New unique counter `rerunfilecheck' on input line 28
6.
)
\Hy@SectionHShift=\skip69
) (/Users/marco/Library/TinyTeX/texmf-dist/tex/latex/bookmark/bkm-pdftex.def
File: bkm-pdftex.def 2020-11-06 v1.29 bookmark driver for pdfTeX (HO)
\BKM@id=\count289
))
Package hyperref Info: Option `breaklinks' set `true' on input line 96.
(/Users/marco/Library/TinyTeX/texmf-dist/tex/latex/geometry/geometry.sty
Package: geometry 2020/01/02 v5.9 Page Geometry
(/Users/marco/Library/TinyTeX/texmf-dist/tex/generic/iftex/ifvtex.sty
Package: ifvtex 2019/10/25 v1.7 ifvtex legacy package. Use iftex instead.
)
\Gm@cnth=\count290
\Gm@cntv=\count291
\c@Gm@tempcnt=\count292
\Gm@bindingoffset=\dimen157
\Gm@wd@mp=\dimen158
\Gm@odd@mp=\dimen159
\Gm@even@mp=\dimen160
\Gm@layoutwidth=\dimen161
\Gm@layoutheight=\dimen162
\Gm@layouthoffset=\dimen163
\Gm@layoutvoffset=\dimen164
\Gm@dimlist=\toks24
) (/Users/marco/Library/TinyTeX/texmf-dist/tex/latex/fancyvrb/fancyvrb.sty
Package: fancyvrb 2021/01/20 v3.7 verbatim text (tvz,hv)
\FV@CodeLineNo=\count293
\FV@InFile=\read2
\FV@TabBox=\box54
\c@FancyVerbLine=\count294
\FV@StepNumber=\count295
\FV@OutFile=\write3
) (/Users/marco/Library/TinyTeX/texmf-dist/tex/latex/framed/framed.sty
Package: framed 2011/10/22 v 0.96: framed or shaded text with page breaks
\OuterFrameSep=\skip70
\fb@frw=\dimen165
\fb@frh=\dimen166
\FrameRule=\dimen167
\FrameSep=\dimen168
) (/Users/marco/Library/TinyTeX/texmf-dist/tex/latex/fvextra/fvextra.sty
Package: fvextra 2019/02/04 v1.4 fvextra - extensions and patches for fancyvrb
(/Users/marco/Library/TinyTeX/texmf-dist/tex/latex/base/ifthen.sty
Package: ifthen 2014/09/29 v1.1c Standard LaTeX ifthen package (DPC)
) (/Users/marco/Library/TinyTeX/texmf-dist/tex/latex/lineno/lineno.sty
Package: lineno 2005/11/02 line numbers on paragraphs v4.41
\linenopenalty=\count296
\output=\toks25
\linenoprevgraf=\count297
\linenumbersep=\dimen169
\linenumberwidth=\dimen170
\c@linenumber=\count298
\c@pagewiselinenumber=\count299
\c@LN@truepage=\count300
\c@internallinenumber=\count301
\c@internallinenumbers=\count302
\quotelinenumbersep=\dimen171
\bframerule=\dimen172
\bframesep=\dimen173
\bframebox=\box55
LaTeX Info: Redefining \\ on input line 3056.
)
\c@FV@TrueTabGroupLevel=\count303
\c@FV@TrueTabCounter=\count304
\FV@TabBox@Group=\box56
\FV@TmpLength=\skip71
\c@FV@HighlightLinesStart=\count305
\c@FV@HighlightLinesStop=\count306
\FV@LoopCount=\count307
\FV@NCharsBox=\box57
\FV@BreakIndent=\dimen174
\FV@BreakIndentNChars=\count308
\FV@BreakSymbolSepLeft=\dimen175
\FV@BreakSymbolSepLeftNChars=\count309
\FV@BreakSymbolSepRight=\dimen176
\FV@BreakSymbolSepRightNChars=\count310
\FV@BreakSymbolIndentLeft=\dimen177
\FV@BreakSymbolIndentLeftNChars=\count311
\FV@BreakSymbolIndentRight=\dimen178
\FV@BreakSymbolIndentRightNChars=\count312
\c@FancyVerbLineBreakLast=\count313
\FV@LineBox=\box58
\FV@LineIndentBox=\box59
\FV@LineWidth=\dimen179
)
(/Users/marco/Library/TinyTeX/texmf-dist/tex/latex/footnotebackref/footnoteback
ref.sty
Package: footnotebackref 2012/07/01 v1.0 Backreferences for footnotes (Holger La
nge)
\c@BackrefHyperFootnoteCounter=\count314
) (/Users/marco/Library/TinyTeX/texmf-dist/tex/latex/float/float.sty
Package: float 2001/11/08 v1.3d Float enhancements (AL)
\c@float@type=\count315
\float@exts=\toks26
\float@box=\box60
\@float@everytoks=\toks27
\@floatcapt=\box61
) (/Users/marco/Library/TinyTeX/texmf-dist/tex/lualatex/selnolig/selnolig.sty
=== Package selnolig, Version 0.302, Date 2015/10/26 ===
Package: selnolig 2015/10/26
(/Users/marco/Library/TinyTeX/texmf-dist/tex/luatex/luatexbase/luatexbase.sty
Package: luatexbase 2015/10/04 v1.3 luatexbase interface to LuaTeX 

(/Users/marco/Library/TinyTeX/texmf-dist/tex/luatex/ctablestack/ctablestack.sty
Package: ctablestack 2015/10/01 v1.0 Catcode table stable support
\@catcodetablestackcnt=\count316
)
\CatcodeTableOther=\catcodetable12
\CatcodeTableExpl=\catcodetable13
)
Inserting `Suppress ligatures selectively' at position 1 in `ligaturing'.) (/Us
ers/marco/Library/TinyTeX/texmf-dist/tex/latex/polyglossia/polyglossia.sty
Package: polyglossia 2020/12/08 v1.51 Modern multilingual typesetting with XeLaT
eX and LuaLaTeX
(/Users/marco/Library/TinyTeX/texmf-dist/tex/latex/makecmds/makecmds.sty
Package: makecmds 2009/09/03 v1.0a extra command making commands
) (/Users/marco/Library/TinyTeX/texmf-dist/tex/latex/xkeyval/xkeyval.sty
Package: xkeyval 2020/11/20 v2.8 package option processing (HA)
(/Users/marco/Library/TinyTeX/texmf-dist/tex/generic/xkeyval/xkeyval.tex (/User
s/marco/Library/TinyTeX/texmf-dist/tex/generic/xkeyval/xkvutils.tex
\XKV@toks=\toks28
\XKV@tempa@toks=\toks29
)
\XKV@depth=\count317
File: xkeyval.tex 2014/12/03 v2.7a key=value parser (HA)
))
Lua module: polyglossia 2013/05/11 1.3 Polyglossia (/Users/marco/Library/TinyTe
X/texmf-dist/tex/latex/polyglossia/gloss-latex.ldf
File: gloss-latex.ldf polyglossia: module for default language
The property list \polyglossia@langsetup contains the pairs (without outer
braces):
>  {latex/script}  =>  {latin}
>  {latex/lcscript}  =>  {latin}
>  {latex/scripttag}  =>  {}
>  {latex/language}  =>  {Latex}
>  {latex/langtag}  =>  {ENG}
>  {latex/bcp47}  =>  {}
>  {latex/hyphennames}  =>  {english}
>  {latex/direction}  =>  {LR}
>  {latex/hyphenmins}  =>  {2,3}
>  {latex/frenchspacing}  =>  {false}
>  {latex/indentfirst}  =>  {false}
>  {latex/fontsetup}  =>  {true}
>  {latex/envname}  =>  {latex}
>  {latex/babelname}  =>  {latex}
>  {latex/localnumeral}  =>  {polyglossia@C@localnumeral}
>  {latex/Localnumeral}  =>  {polyglossia@C@localnumeral}.
)
Package polyglossia Info: Default language is latex.
Package polyglossia Info: Setting LuaTeX font renderer to Harfbuzz.
)
(/Users/marco/Library/TinyTeX/texmf-dist/tex/latex/polyglossia/gloss-english.ld
f
File: gloss-english.ldf polyglossia: module for english
The property list \polyglossia@langsetup contains the pairs (without outer
braces):
>  {latex/script}  =>  {latin}
>  {latex/lcscript}  =>  {latin}
>  {latex/scripttag}  =>  {}
>  {latex/language}  =>  {Latex}
>  {latex/langtag}  =>  {ENG}
>  {latex/bcp47}  =>  {}
>  {latex/hyphennames}  =>  {english}
>  {latex/direction}  =>  {LR}
>  {latex/hyphenmins}  =>  {2,3}
>  {latex/frenchspacing}  =>  {false}
>  {latex/indentfirst}  =>  {false}
>  {latex/fontsetup}  =>  {true}
>  {latex/envname}  =>  {latex}
>  {latex/babelname}  =>  {latex}
>  {latex/localnumeral}  =>  {polyglossia@C@localnumeral}
>  {latex/Localnumeral}  =>  {polyglossia@C@localnumeral}
>  {english/script}  =>  {latin}
>  {english/lcscript}  =>  {latin}
>  {english/scripttag}  =>  {}
>  {english/language}  =>  {English}
>  {english/langtag}  =>  {ENG}
>  {english/bcp47}  =>  {en-US}
>  {english/hyphennames}  =>  {english,american,usenglish,USenglish}
>  {english/direction}  =>  {LR}
>  {english/hyphenmins}  =>  {2,3}
>  {english/frenchspacing}  =>  {false}
>  {english/indentfirst}  =>  {false}
>  {english/fontsetup}  =>  {true}
>  {english/envname}  =>  {english}
>  {english/babelname}  =>  {english}
>  {english/localnumeral}  =>  {polyglossia@C@localnumeral}
>  {english/Localnumeral}  =>  {polyglossia@C@localnumeral}.
Package polyglossia Info: Option: English, variant=american.
)
Package polyglossia Info: Default language is english.
(/Users/marco/Library/TinyTeX/texmf-dist/tex/latex/csquotes/csquotes.sty
Package: csquotes 2021-02-22 v5.2l context-sensitive quotations (JAW)
\csq@reset=\count318
\csq@gtype=\count319
\csq@glevel=\count320
\csq@qlevel=\count321
\csq@maxlvl=\count322
\csq@tshold=\count323
\csq@ltx@everypar=\toks30
(/Users/marco/Library/TinyTeX/texmf-dist/tex/latex/csquotes/csquotes.def
File: csquotes.def 2021-02-22 v5.2l csquotes generic definitions (JAW)
)
Package csquotes Info: Trying to load configuration file 'csquotes.cfg'...
Package csquotes Info: ... configuration file loaded successfully.
(/Users/marco/Library/TinyTeX/texmf-dist/tex/latex/csquotes/csquotes.cfg
File: csquotes.cfg 
)) (/Users/marco/Library/TinyTeX/texmf-dist/tex/latex/caption/caption.sty
Package: caption 2020/10/26 v3.5g Customizing captions (AR)
(/Users/marco/Library/TinyTeX/texmf-dist/tex/latex/caption/caption3.sty
Package: caption3 2020/10/21 v2.2e caption3 kernel (AR)
\captionmargin=\dimen180
\captionmargin@=\dimen181
\captionwidth=\dimen182
\caption@tempdima=\dimen183
\caption@indent=\dimen184
\caption@parindent=\dimen185
\caption@hangindent=\dimen186
Package caption Info: KOMA-Script document class detected.
(/Users/marco/Library/TinyTeX/texmf-dist/tex/latex/caption/caption-koma.sto
File: caption-koma.sto 2020/09/21 v2.0b Adaption of the caption package to the K
OMA-Script document classes (AR)
))
\c@caption@flags=\count324
\c@continuedfloat=\count325
Package caption Info: float package is loaded.
Package caption Info: hyperref package is loaded.
) (/Users/marco/Library/TinyTeX/texmf-dist/tex/latex/mdframed/mdframed.sty
Package: mdframed 2013/07/01 1.9b: mdframed
(/Users/marco/Library/TinyTeX/texmf-dist/tex/latex/zref/zref-abspage.sty
Package: zref-abspage 2020-07-03 v2.32 Module abspage for zref (HO)
(/Users/marco/Library/TinyTeX/texmf-dist/tex/latex/zref/zref-base.sty
Package: zref-base 2020-07-03 v2.32 Module base for zref (HO)
Package zref Info: New property list: main on input line 764.
Package zref Info: New property: default on input line 765.
Package zref Info: New property: page on input line 766.
)
\c@abspage=\count326
Package zref Info: New property: abspage on input line 66.
) (/Users/marco/Library/TinyTeX/texmf-dist/tex/latex/needspace/needspace.sty
Package: needspace 2010/09/12 v1.3d reserve vertical space
)
\mdf@templength=\skip72
\c@mdf@globalstyle@cnt=\count327
\mdf@skipabove@length=\skip73
\mdf@skipbelow@length=\skip74
\mdf@leftmargin@length=\skip75
\mdf@rightmargin@length=\skip76
\mdf@innerleftmargin@length=\skip77
\mdf@innerrightmargin@length=\skip78
\mdf@innertopmargin@length=\skip79
\mdf@innerbottommargin@length=\skip80
\mdf@splittopskip@length=\skip81
\mdf@splitbottomskip@length=\skip82
\mdf@outermargin@length=\skip83
\mdf@innermargin@length=\skip84
\mdf@linewidth@length=\skip85
\mdf@innerlinewidth@length=\skip86
\mdf@middlelinewidth@length=\skip87
\mdf@outerlinewidth@length=\skip88
\mdf@roundcorner@length=\skip89
\mdf@footenotedistance@length=\skip90
\mdf@userdefinedwidth@length=\skip91
\mdf@needspace@length=\skip92
\mdf@frametitleaboveskip@length=\skip93
\mdf@frametitlebelowskip@length=\skip94
\mdf@frametitlerulewidth@length=\skip95
\mdf@frametitleleftmargin@length=\skip96
\mdf@frametitlerightmargin@length=\skip97
\mdf@shadowsize@length=\skip98
\mdf@extratopheight@length=\skip99
\mdf@subtitleabovelinewidth@length=\skip100
\mdf@subtitlebelowlinewidth@length=\skip101
\mdf@subtitleaboveskip@length=\skip102
\mdf@subtitlebelowskip@length=\skip103
\mdf@subtitleinneraboveskip@length=\skip104
\mdf@subtitleinnerbelowskip@length=\skip105
\mdf@subsubtitleabovelinewidth@length=\skip106
\mdf@subsubtitlebelowlinewidth@length=\skip107
\mdf@subsubtitleaboveskip@length=\skip108
\mdf@subsubtitlebelowskip@length=\skip109
\mdf@subsubtitleinneraboveskip@length=\skip110
\mdf@subsubtitleinnerbelowskip@length=\skip111
(/Users/marco/Library/TinyTeX/texmf-dist/tex/latex/mdframed/md-frame-0.mdf
File: md-frame-0.mdf 2013/07/01\ 1.9b: md-frame-0
)
\mdf@frametitlebox=\box62
\mdf@footnotebox=\box63
\mdf@splitbox@one=\box64
\mdf@splitbox@two=\box65
\mdf@splitbox@save=\box66
\mdfsplitboxwidth=\skip112
\mdfsplitboxtotalwidth=\skip113
\mdfsplitboxheight=\skip114
\mdfsplitboxdepth=\skip115
\mdfsplitboxtotalheight=\skip116
\mdfframetitleboxwidth=\skip117
\mdfframetitleboxtotalwidth=\skip118
\mdfframetitleboxheight=\skip119
\mdfframetitleboxdepth=\skip120
\mdfframetitleboxtotalheight=\skip121
\mdffootnoteboxwidth=\skip122
\mdffootnoteboxtotalwidth=\skip123
\mdffootnoteboxheight=\skip124
\mdffootnoteboxdepth=\skip125
\mdffootnoteboxtotalheight=\skip126
\mdftotallinewidth=\skip127
\mdfboundingboxwidth=\skip128
\mdfboundingboxtotalwidth=\skip129
\mdfboundingboxheight=\skip130
\mdfboundingboxdepth=\skip131
\mdfboundingboxtotalheight=\skip132
\mdf@freevspace@length=\skip133
\mdf@horizontalwidthofbox@length=\skip134
\mdf@verticalmarginwhole@length=\skip135
\mdf@horizontalspaceofbox=\skip136
\mdfsubtitleheight=\skip137
\mdfsubsubtitleheight=\skip138
\c@mdfcountframes=\count328

****** mdframed patching \endmdf@trivlist

****** -- success******

\mdf@envdepth=\count329
\c@mdf@env@i=\count330
\c@mdf@env@ii=\count331
\c@mdf@zref@counter=\count332
Package zref Info: New property: mdf@pagevalue on input line 895.
) (/Users/marco/Library/TinyTeX/texmf-dist/tex/latex/titling/titling.sty
Package: titling 2009/09/04 v2.1d maketitle typesetting
\thanksmarkwidth=\skip139
\thanksmargin=\skip140
\droptitle=\skip141
)

Class scrartcl Warning: Usage of package `fancyhdr' together
(scrartcl)              with a KOMA-Script class is not recommended.
(scrartcl)              I'd suggest to use 
(scrartcl)              package `scrlayer' or `scrlayer-scrpage', because
(scrartcl)              they support KOMA-Script classes.
(scrartcl)              With `fancyhdr' several features of class `scrartcl'
(scrartcl)              like options `headsepline', `footsepline' or command
(scrartcl)              `\MakeMarkcase' and the commands `\setkomafont' and
(scrartcl)              `\addtokomafont' for the page style elements need
(scrartcl)              explicite user intervention to work.
(scrartcl)              Nevertheless, using requested
(scrartcl)              package `fancyhdr' on input line 276.

(/Users/marco/Library/TinyTeX/texmf-dist/tex/latex/fancyhdr/fancyhdr.sty
Package: fancyhdr 2021/01/28 v4.0.1 Extensive control of page headers and footer
s
\f@nch@headwidth=\skip142
\f@nch@O@elh=\skip143
\f@nch@O@erh=\skip144
\f@nch@O@olh=\skip145
\f@nch@O@orh=\skip146
\f@nch@O@elf=\skip147
\f@nch@O@erf=\skip148
\f@nch@O@olf=\skip149
\f@nch@O@orf=\skip150
)
Package csquotes Info: Checking for multilingual support...
Package csquotes Info: ... found 'polyglossia' package.
Package csquotes Info: Adjusting default style.
Package csquotes Info: Redefining alias 'default' -> 'american'.
No file PA1_template.aux.

\openout1 = PA1_template.aux
LaTeX Font Info:    Checking defaults for OML/cmm/m/it on input line 295.
LaTeX Font Info:    ... okay on input line 295.
LaTeX Font Info:    Checking defaults for OMS/cmsy/m/n on input line 295.
LaTeX Font Info:    ... okay on input line 295.
LaTeX Font Info:    Checking defaults for OT1/cmr/m/n on input line 295.
LaTeX Font Info:    ... okay on input line 295.
LaTeX Font Info:    Checking defaults for T1/cmr/m/n on input line 295.
LaTeX Font Info:    ... okay on input line 295.
LaTeX Font Info:    Checking defaults for TS1/cmr/m/n on input line 295.
LaTeX Font Info:    ... okay on input line 295.
LaTeX Font Info:    Checking defaults for TU/lmr/m/n on input line 295.
LaTeX Font Info:    ... okay on input line 295.
LaTeX Font Info:    Checking defaults for OMX/cmex/m/n on input line 295.
LaTeX Font Info:    ... okay on input line 295.
LaTeX Font Info:    Checking defaults for U/cmr/m/n on input line 295.
LaTeX Font Info:    ... okay on input line 295.
LaTeX Font Info:    Checking defaults for PD1/pdf/m/n on input line 295.
LaTeX Font Info:    ... okay on input line 295.
LaTeX Font Info:    Checking defaults for PU/pdf/m/n on input line 295.
LaTeX Font Info:    ... okay on input line 295.
Package scrbase Info: activating english \contentsname on input line 295.
Package scrbase Info: activating english \listfigurename on input line 295.
Package scrbase Info: activating english \listtablename on input line 295.

Package fontspec Info: Font family 'latinmodern-math.otf(0)' created for font
(fontspec)             'latinmodern-math.otf' with options
(fontspec)             [Renderer=Harfbuzz,Renderer=Basic,BoldItalicFont={},Itali
cFont={},SmallCapsFont={},Script=Math,FontAdjustment={\__um_luatex_copy_fontdime
ns:
(fontspec)             },BoldFont={latinmodern-math.otf}].
(fontspec)              
(fontspec)              This font family consists of the following NFSS
(fontspec)             series/shapes:
(fontspec)              
(fontspec)             - 'normal' (m/n) with NFSS spec.:
(fontspec)             <->"[latinmodern-math.otf]:mode=base;script=math;language
=dflt;"
(fontspec)             - 'small caps'  (m/sc) with NFSS spec.: 
(fontspec)             and font adjustment code:
(fontspec)             \__um_luatex_copy_fontdimens: 
(fontspec)             - 'bold' (b/n) with NFSS spec.:
(fontspec)             <->"[latinmodern-math.otf]:mode=base;script=math;language
=dflt;"
(fontspec)             - 'bold small caps'  (b/sc) with NFSS spec.: 
(fontspec)             and font adjustment code:
(fontspec)             \__um_luatex_copy_fontdimens: 


Package fontspec Info: Font family 'latinmodern-math.otf(1)' created for font
(fontspec)             'latinmodern-math.otf' with options
(fontspec)             [Renderer=Harfbuzz,Renderer=Basic,BoldItalicFont={},Itali
cFont={},SmallCapsFont={},Script=Math,SizeFeatures={{Size=9.3075-},{Size=6.57-9.
3075,Font=latinmodern-math.otf,Style=MathScript},{Size=-6.57,Font=latinmodern-ma
th.otf,Style=MathScriptScript}},FontAdjustment={\__um_luatex_copy_fontdimens:
(fontspec)             },BoldFont={latinmodern-math.otf}].
(fontspec)              
(fontspec)              This font family consists of the following NFSS
(fontspec)             series/shapes:
(fontspec)              
(fontspec)             - 'normal' (m/n) with NFSS spec.:
(fontspec)             <9.3075->"[latinmodern-math.otf]:mode=base;script=math;la
nguage=dflt;"<6.57-9.3075>"[latinmodern-math.otf]:mode=base;script=math;language
=dflt;+ssty=0;"<-6.57>"[latinmodern-math.otf]:mode=base;script=math;language=dfl
t;+ssty=1;"
(fontspec)             - 'small caps'  (m/sc) with NFSS spec.: 
(fontspec)             and font adjustment code:
(fontspec)             \__um_luatex_copy_fontdimens: 
(fontspec)             - 'bold' (b/n) with NFSS spec.:
(fontspec)             <->"[latinmodern-math.otf]:mode=base;script=math;language
=dflt;"
(fontspec)             - 'bold small caps'  (b/sc) with NFSS spec.: 
(fontspec)             and font adjustment code:
(fontspec)             \__um_luatex_copy_fontdimens: 

LaTeX Font Info:    Encoding `OT1' has changed to `TU' for symbol font
(Font)              `operators' in the math version `normal' on input line 295.
LaTeX Font Info:    Overwriting symbol font `operators' in version `normal'
(Font)                  OT1/lmr/m/n --> TU/latinmodern-math.otf(1)/m/n on input 
line 295.
LaTeX Font Info:    Encoding `OT1' has changed to `TU' for symbol font
(Font)              `operators' in the math version `bold' on input line 295.
LaTeX Font Info:    Overwriting symbol font `operators' in version `bold'
(Font)                  OT1/lmr/bx/n --> TU/latinmodern-math.otf(1)/b/n on input
 line 295.

Package fontspec Info: latinmodern-math scale = 1.0001.


Package fontspec Info: latinmodern-math scale = 1.0001.


Package fontspec Info: latinmodern-math scale = 1.0001.


Package fontspec Info: latinmodern-math scale = 1.0001.


Package fontspec Info: latinmodern-math scale = 1.0001.


Package fontspec Info: Font family 'latinmodern-math.otf(2)' created for font
(fontspec)             'latinmodern-math.otf' with options
(fontspec)             [Renderer=Harfbuzz,Renderer=Basic,BoldItalicFont={},Itali
cFont={},SmallCapsFont={},Script=Math,SizeFeatures={{Size=9.3075-},{Size=6.57-9.
3075,Font=latinmodern-math.otf,Style=MathScript},{Size=-6.57,Font=latinmodern-ma
th.otf,Style=MathScriptScript}},FontAdjustment={\__um_luatex_copy_fontdimens:
(fontspec)             },BoldFont={latinmodern-math.otf},ScaleAgain=1.0001,FontA
djustment={\fontdimen
(fontspec)             8\font =7.41315pt\relax \fontdimen 9\font
(fontspec)             =4.31429pt\relax \fontdimen 10\font =4.86179pt\relax
(fontspec)             \fontdimen 11\font =7.51169pt\relax \fontdimen 12\font
(fontspec)             =3.77774pt\relax \fontdimen 13\font =3.97484pt\relax
(fontspec)             \fontdimen 14\font =3.97484pt\relax \fontdimen 15\font
(fontspec)             =3.16454pt\relax \fontdimen 16\font =2.70464pt\relax
(fontspec)             \fontdimen 17\font =2.70464pt\relax \fontdimen 18\font
(fontspec)             =2.73749pt\relax \fontdimen 19\font =2.18999pt\relax
(fontspec)             \fontdimen 22\font =2.73749pt\relax \fontdimen 20\font
(fontspec)             =0pt\relax \fontdimen 21\font =0pt\relax }].
(fontspec)              
(fontspec)              This font family consists of the following NFSS
(fontspec)             series/shapes:
(fontspec)              
(fontspec)             - 'normal' (m/n) with NFSS spec.:
(fontspec)             <9.3075->s*[1.0001]"[latinmodern-math.otf]:mode=base;scri
pt=math;language=dflt;"<6.57-9.3075>s*[1.0001]"[latinmodern-math.otf]:mode=base;
script=math;language=dflt;+ssty=0;"<-6.57>s*[1.0001]"[latinmodern-math.otf]:mode
=base;script=math;language=dflt;+ssty=1;"
(fontspec)             - 'small caps'  (m/sc) with NFSS spec.: 
(fontspec)             and font adjustment code:
(fontspec)             \__um_luatex_copy_fontdimens: \fontdimen 8\font
(fontspec)             =7.41315pt\relax \fontdimen 9\font =4.31429pt\relax
(fontspec)             \fontdimen 10\font =4.86179pt\relax \fontdimen 11\font
(fontspec)             =7.51169pt\relax \fontdimen 12\font =3.77774pt\relax
(fontspec)             \fontdimen 13\font =3.97484pt\relax \fontdimen 14\font
(fontspec)             =3.97484pt\relax \fontdimen 15\font =3.16454pt\relax
(fontspec)             \fontdimen 16\font =2.70464pt\relax \fontdimen 17\font
(fontspec)             =2.70464pt\relax \fontdimen 18\font =2.73749pt\relax
(fontspec)             \fontdimen 19\font =2.18999pt\relax \fontdimen 22\font
(fontspec)             =2.73749pt\relax \fontdimen 20\font =0pt\relax
(fontspec)             \fontdimen 21\font =0pt\relax 
(fontspec)             - 'bold' (b/n) with NFSS spec.:
(fontspec)             <->s*[1.0001]"[latinmodern-math.otf]:mode=base;script=mat
h;language=dflt;"
(fontspec)             - 'bold small caps'  (b/sc) with NFSS spec.: 
(fontspec)             and font adjustment code:
(fontspec)             \__um_luatex_copy_fontdimens: \fontdimen 8\font
(fontspec)             =7.41315pt\relax \fontdimen 9\font =4.31429pt\relax
(fontspec)             \fontdimen 10\font =4.86179pt\relax \fontdimen 11\font
(fontspec)             =7.51169pt\relax \fontdimen 12\font =3.77774pt\relax
(fontspec)             \fontdimen 13\font =3.97484pt\relax \fontdimen 14\font
(fontspec)             =3.97484pt\relax \fontdimen 15\font =3.16454pt\relax
(fontspec)             \fontdimen 16\font =2.70464pt\relax \fontdimen 17\font
(fontspec)             =2.70464pt\relax \fontdimen 18\font =2.73749pt\relax
(fontspec)             \fontdimen 19\font =2.18999pt\relax \fontdimen 22\font
(fontspec)             =2.73749pt\relax \fontdimen 20\font =0pt\relax
(fontspec)             \fontdimen 21\font =0pt\relax 

LaTeX Font Info:    Encoding `OMS' has changed to `TU' for symbol font
(Font)              `symbols' in the math version `normal' on input line 295.
LaTeX Font Info:    Overwriting symbol font `symbols' in version `normal'
(Font)                  OMS/lmsy/m/n --> TU/latinmodern-math.otf(2)/m/n on input
 line 295.
LaTeX Font Info:    Encoding `OMS' has changed to `TU' for symbol font
(Font)              `symbols' in the math version `bold' on input line 295.
LaTeX Font Info:    Overwriting symbol font `symbols' in version `bold'
(Font)                  OMS/lmsy/b/n --> TU/latinmodern-math.otf(2)/b/n on input
 line 295.

Package fontspec Info: latinmodern-math scale = 0.9999.


Package fontspec Info: latinmodern-math scale = 0.9999.


Package fontspec Info: latinmodern-math scale = 0.9999.


Package fontspec Info: latinmodern-math scale = 0.9999.


Package fontspec Info: latinmodern-math scale = 0.9999.


Package fontspec Info: Font family 'latinmodern-math.otf(3)' created for font
(fontspec)             'latinmodern-math.otf' with options
(fontspec)             [Renderer=Harfbuzz,Renderer=Basic,BoldItalicFont={},Itali
cFont={},SmallCapsFont={},Script=Math,SizeFeatures={{Size=9.3075-},{Size=6.57-9.
3075,Font=latinmodern-math.otf,Style=MathScript},{Size=-6.57,Font=latinmodern-ma
th.otf,Style=MathScriptScript}},FontAdjustment={\__um_luatex_copy_fontdimens:
(fontspec)             },BoldFont={latinmodern-math.otf},ScaleAgain=0.9999,FontA
djustment={\fontdimen
(fontspec)             8\font =0.43799pt\relax \fontdimen 9\font
(fontspec)             =2.18999pt\relax \fontdimen 10\font =1.82864pt\relax
(fontspec)             \fontdimen 11\font =1.21544pt\relax \fontdimen 12\font
(fontspec)             =6.56999pt\relax \fontdimen 13\font =0pt\relax }].
(fontspec)              
(fontspec)              This font family consists of the following NFSS
(fontspec)             series/shapes:
(fontspec)              
(fontspec)             - 'normal' (m/n) with NFSS spec.:
(fontspec)             <9.3075->s*[0.9999]"[latinmodern-math.otf]:mode=base;scri
pt=math;language=dflt;"<6.57-9.3075>s*[0.9999]"[latinmodern-math.otf]:mode=base;
script=math;language=dflt;+ssty=0;"<-6.57>s*[0.9999]"[latinmodern-math.otf]:mode
=base;script=math;language=dflt;+ssty=1;"
(fontspec)             - 'small caps'  (m/sc) with NFSS spec.: 
(fontspec)             and font adjustment code:
(fontspec)             \__um_luatex_copy_fontdimens: \fontdimen 8\font
(fontspec)             =0.43799pt\relax \fontdimen 9\font =2.18999pt\relax
(fontspec)             \fontdimen 10\font =1.82864pt\relax \fontdimen 11\font
(fontspec)             =1.21544pt\relax \fontdimen 12\font =6.56999pt\relax
(fontspec)             \fontdimen 13\font =0pt\relax 
(fontspec)             - 'bold' (b/n) with NFSS spec.:
(fontspec)             <->s*[0.9999]"[latinmodern-math.otf]:mode=base;script=mat
h;language=dflt;"
(fontspec)             - 'bold small caps'  (b/sc) with NFSS spec.: 
(fontspec)             and font adjustment code:
(fontspec)             \__um_luatex_copy_fontdimens: \fontdimen 8\font
(fontspec)             =0.43799pt\relax \fontdimen 9\font =2.18999pt\relax
(fontspec)             \fontdimen 10\font =1.82864pt\relax \fontdimen 11\font
(fontspec)             =1.21544pt\relax \fontdimen 12\font =6.56999pt\relax
(fontspec)             \fontdimen 13\font =0pt\relax 

LaTeX Font Info:    Encoding `OMX' has changed to `TU' for symbol font
(Font)              `largesymbols' in the math version `normal' on input line 29
5.
LaTeX Font Info:    Overwriting symbol font `largesymbols' in version `normal'
(Font)                  OMX/lmex/m/n --> TU/latinmodern-math.otf(3)/m/n on input
 line 295.
LaTeX Font Info:    Encoding `OMX' has changed to `TU' for symbol font
(Font)              `largesymbols' in the math version `bold' on input line 295.

LaTeX Font Info:    Overwriting symbol font `largesymbols' in version `bold'
(Font)                  OMX/lmex/m/n --> TU/latinmodern-math.otf(3)/b/n on input
 line 295.
LaTeX Font Info:    Trying to load font information for OML+lmm on input line 29
5.
(/Users/marco/Library/TinyTeX/texmf-dist/tex/latex/lm/omllmm.fd
File: omllmm.fd 2009/10/30 v1.6 Font defs for Latin Modern
)
LaTeX Font Info:    Font shape `TU/latinmodern-math.otf(2)/m/n' will be
(Font)              scaled to size 10.95116pt on input line 295.
LaTeX Font Info:    Font shape `TU/latinmodern-math.otf(2)/m/n' will be
(Font)              scaled to size 7.6658pt on input line 295.
LaTeX Font Info:    Font shape `TU/latinmodern-math.otf(2)/m/n' will be
(Font)              scaled to size 5.47559pt on input line 295.
LaTeX Font Info:    Font shape `TU/latinmodern-math.otf(3)/m/n' will be
(Font)              scaled to size 10.94882pt on input line 295.
LaTeX Font Info:    Font shape `TU/latinmodern-math.otf(3)/m/n' will be
(Font)              scaled to size 7.66417pt on input line 295.
LaTeX Font Info:    Font shape `TU/latinmodern-math.otf(3)/m/n' will be
(Font)              scaled to size 5.47441pt on input line 295.
LaTeX Font Info:    Trying to load font information for U+msa on input line 295.

(/Users/marco/Library/TinyTeX/texmf-dist/tex/latex/amsfonts/umsa.fd
File: umsa.fd 2013/01/14 v3.01 AMS symbols A
)
LaTeX Font Info:    Trying to load font information for U+msb on input line 295.

(/Users/marco/Library/TinyTeX/texmf-dist/tex/latex/amsfonts/umsb.fd
File: umsb.fd 2013/01/14 v3.01 AMS symbols B
)
Package hyperref Info: Link coloring OFF on input line 295.
(/Users/marco/Library/TinyTeX/texmf-dist/tex/latex/hyperref/nameref.sty
Package: nameref 2021-04-02 v2.47 Cross-referencing by name of section
(/Users/marco/Library/TinyTeX/texmf-dist/tex/latex/refcount/refcount.sty
Package: refcount 2019/12/15 v3.6 Data extraction from label references (HO)
)
(/Users/marco/Library/TinyTeX/texmf-dist/tex/generic/gettitlestring/gettitlestr
ing.sty
Package: gettitlestring 2019/12/15 v1.6 Cleanup title references (HO)
)
\c@section@level=\count333
)
LaTeX Info: Redefining \ref on input line 295.
LaTeX Info: Redefining \pageref on input line 295.
LaTeX Info: Redefining \nameref on input line 295.
*geometry* driver: auto-detecting
*geometry* detected driver: luatex
*geometry* verbose mode - [ preamble ] result:
* driver: luatex
* paper: <default>
* layout: <same size as paper>
* layoutoffset:(h,v)=(0.0pt,0.0pt)
* hratio: 1:1
* vratio: 1:1
* modes: includehead includefoot 
* h-part:(L,W,R)=(71.13188pt, 455.24417pt, 71.13188pt)
* v-part:(T,H,B)=(71.13188pt, 702.78317pt, 71.13188pt)
* \paperwidth=597.50793pt
* \paperheight=845.04694pt
* \textwidth=455.24417pt
* \textheight=617.78316pt
* \oddsidemargin=-1.1381pt
* \evensidemargin=-1.1381pt
* \topmargin=-1.1381pt
* \headheight=17.0pt
* \headsep=20.40001pt
* \topskip=11.0pt
* \footskip=47.6pt
* \marginparwidth=59.7508pt
* \marginparsep=12.8401pt
* \columnsep=10.0pt
* \skip\footins=10.0pt plus 4.0pt minus 2.0pt
* \hoffset=0.0pt
* \voffset=0.0pt
* \mag=1000
* \@twocolumnfalse
* \@twosidefalse
* \@mparswitchfalse
* \@reversemarginfalse
* (1in=72.27pt=25.4mm, 1cm=28.453pt)

Package caption Info: Begin \AtBeginDocument code.
Package caption Info: End \AtBeginDocument code.
LaTeX Info: Redefining \rmfamily on input line 295.
LaTeX Info: Redefining \sffamily on input line 295.
LaTeX Info: Redefining \ttfamily on input line 295.
luaotfload | aux : font no 37 (nil) defines no feature for script latn with lang
uage eng
LaTeX Font Info:    Font shape `TU/SFProDisplayBold(0)/m/n' will be
(Font)              scaled to size 10.623pt on input line 309.

LaTeX Font Warning: Font shape `TU/SFProDisplayBold(0)/b/n' undefined
(Font)              using `TU/SFProDisplayBold(0)/m/n' instead on input line 309
.

LaTeX Font Info:    Font shape `TU/SFProDisplayBold(0)/b/n' will be
(Font)              scaled to size 11.64166pt on input line 309.
LaTeX Font Info:    Font shape `TU/SFProDisplay(0)/m/n' will be
(Font)              scaled to size 10.0pt on input line 312.
LaTeX Font Info:    Font shape `TU/FiraCodeRetina(0)/m/n' will be
(Font)              scaled to size 9.39499pt on input line 312.

LaTeX Font Warning: Font shape `TU/FiraCodeRetina(0)/m/it' undefined
(Font)              using `TU/FiraCodeRetina(0)/m/n' instead on input line 318.

LaTeX Font Info:    Font shape `TU/FiraCodeRetina(0)/m/it' will be
(Font)              scaled to size 9.39499pt on input line 318.

LaTeX Font Warning: Font shape `TU/FiraCodeRetina(0)/b/n' undefined
(Font)              using `TU/FiraCodeRetina(0)/m/n' instead on input line 334.


LaTeX Font Warning: Font shape `TU/FiraCodeRetina(0)/b/it' undefined
(Font)              using `TU/FiraCodeRetina(0)/b/n' instead on input line 334.

LaTeX Font Info:    Font shape `TU/FiraCodeRetina(0)/b/n' will be
(Font)              scaled to size 9.39499pt on input line 334.
LaTeX Font Info:    Font shape `TU/FiraCodeRetina(0)/b/it' will be
(Font)              scaled to size 9.39499pt on input line 334.

Overfull \vbox (3.87553pt too high) detected at line 360
 []

[1{/Users/marco/Library/TinyTeX/texmf-var/fonts/map/pdftex/updmap/pdftex.map}

]
LaTeX Font Info:    Font shape `TU/SFProDisplayBold(0)/b/n' will be
(Font)              scaled to size 10.623pt on input line 366.
! Undefined control sequence.
l.397 \begin{center}\includegraphics
                                  [width=0.6\linewidth]{PA1_template_files/f...

Here is how much of LuaTeX's memory you used:
 25106 strings out of 478543
 100000,1373583 words of node,token memory allocated
 10167 words of node memory still in use:
   96 hlist, 26 vlist, 48 rule, 2 mark, 7 disc, 23 local_par, 1 dir, 304 glue, 5
5 kern, 87 penalty, 472 glyph, 311 attribute, 113 glue_spec, 311 attribute_list,
 4 write, 1 user_defined, 6 pdf_dest, 126 pdf_colorstack nodes
   avail lists: 1:3,2:435,3:133,4:224,5:135,6:77,7:2176,8:4,9:470,10:9,11:11
 44167 multiletter control sequences out of 65536+600000
 82 fonts using 75691647 bytes
 111i,11n,125p,10634b,449s stack positions out of 5000i,500n,10000p,200000b,200000s
!  ==> Fatal error occurred, no output PDF file produced!
